Step: build-step-credential-initializer:

{"level":"warn","ts":1553018820.847525,"logger":"fallback-logger","caller":"logging/config.go:65","msg":"Fetch GitHub commit ID from kodata failed: \"ref: refs/heads/test\" is not a valid GitHub commit ID"}
{"level":"info","ts":1553018820.8484411,"logger":"fallback-logger","caller":"creds-init/main.go:40","msg":"Credentials initialized."}
Step: build-step-git-source-0:

{"level":"warn","ts":1553018821.714734,"logger":"fallback-logger","caller":"logging/config.go:65","msg":"Fetch GitHub commit ID from kodata failed: \"ref: refs/heads/test\" is not a valid GitHub commit ID"}
{"level":"info","ts":1553018824.814265,"logger":"fallback-logger","caller":"git-init/main.go:92","msg":"Successfully cloned \"https://github.com/hcsjxdemo/hcs3.git\" @ \"master\" in path \"/workspace\""}
Step: build-step-jenkins:

Picked up _JAVA_OPTIONS: -Xmx400m
  16.791 [id=22]	WARNING	c.c.j.p.k.KubernetesCredentialProvider#convertSecret: Failed to convert Secret 'kaniko-secret' of type secretText due to secretText credential is missing the text
Started
Running in Durability level: PERFORMANCE_OPTIMIZED
  21.351 [id=34]	WARNING	i.f.k.c.i.VersionUsageUtils#alert: The client is using resource type 'customresourcedefinitions' with unstable version 'v1beta1'
[Pipeline] Start of Pipeline
[Pipeline] node
Running on Jenkins in /tmp/jenkinsTests.tmp/jenkins8321484711448517478test/workspace/job
[Pipeline] {
[Pipeline] stage
[Pipeline] { (Declarative: Checkout SCM)
[Pipeline] checkout
[Pipeline] }
[Pipeline] // stage
[Pipeline] withCredentials
[Pipeline] {
[Pipeline] withEnv
[Pipeline] {
[Pipeline] stage
[Pipeline] { (CI Build and push snapshot)
Stage "CI Build and push snapshot" skipped due to when conditional
[Pipeline] }
[Pipeline] // stage
[Pipeline] stage
[Pipeline] { (Build Release)
[Pipeline] git
 > git rev-parse --is-inside-work-tree # timeout=10
Fetching changes from the remote Git repository
 > git config remote.origin.url https://github.com/hcsjxdemo/hcs3.git # timeout=10
Fetching upstream changes from https://github.com/hcsjxdemo/hcs3.git
 > git --version # timeout=10
 > git fetch --tags --progress https://github.com/hcsjxdemo/hcs3.git +refs/heads/*:refs/remotes/origin/*
 > git rev-parse refs/remotes/origin/master^{commit} # timeout=10
 > git rev-parse refs/remotes/origin/origin/master^{commit} # timeout=10
Checking out Revision 64298f7da4ada087bb88a6096d8bde26490f1b1a (refs/remotes/origin/master)
 > git config core.sparsecheckout # timeout=10
 > git checkout -f 64298f7da4ada087bb88a6096d8bde26490f1b1a
 > git branch -a -v --no-abbrev # timeout=10
 > git branch -D master # timeout=10
 > git checkout -b master 64298f7da4ada087bb88a6096d8bde26490f1b1a
Commit message: "Draft create"
First time build. Skipping changelog.
[Pipeline] sh
+ jx-release-version
+ echo 0.0.1
[Pipeline] sh
+ cat VERSION
+ jx step tag --version 0.0.1
Tag v0.0.1 created and pushed to remote origin
[Pipeline] sh
+ npm install
npm notice created a lockfile as package-lock.json. You should commit this file.
npm WARN REPLACE_ME@1.0.0 No repository field.
npm WARN REPLACE_ME@1.0.0 No license field.

up to date in 0.078s
[Pipeline] sh
+ CI=true DISPLAY=:99 npm test

> REPLACE_ME@1.0.0 test /tmp/jenkinsTests.tmp/jenkins8321484711448517478test/workspace/job
> echo "no test specified" && exit 0

no test specified
[Pipeline] sh
+ cat VERSION
+ export VERSION=0.0.1
+ skaffold build -f skaffold.yaml
time="2019-03-19T18:07:52Z" level=warning msg="config version (skaffold/v1beta2) out of date: upgrading to latest (skaffold/v1beta6)"
Generating Tag for [changeme]...
Starting build...
Building [changeme]...
Sending build context to Docker daemon  107.5kB
Step 1/6 : FROM node:9-slim
 ---> e20bb4abe4ee
Step 2/6 : ENV PORT 8080
 ---> Using cache
 ---> d5e7baabfe6d
Step 3/6 : EXPOSE 8080
 ---> Using cache
 ---> 6856dbdebb62
Step 4/6 : WORKDIR /usr/src/app
 ---> Using cache
 ---> 657842604aa8
Step 5/6 : COPY . .
 ---> e172792132ba
Step 6/6 : CMD npm start
 ---> Running in e9bb7de18eb5
 ---> 4ace21ddae58
Successfully built 4ace21ddae58
The push refers to a repository [10.15.252.186:5000/hcsjxdemo/hcs3]
91342c923ff4: Preparing
fbcdc3ad6466: Preparing
e16c226cf2a8: Preparing
7fd597d009e4: Preparing
7c6ab5fb7059: Preparing
ed271eac23e9: Preparing
156ff16f37e4: Preparing
ed271eac23e9: Waiting
156ff16f37e4: Waiting
e16c226cf2a8: Mounted from hcsjxdemo/hcs2
fbcdc3ad6466: Mounted from hcsjxdemo/hcs2
7fd597d009e4: Mounted from hcsjxdemo/hcs2
7c6ab5fb7059: Mounted from hcsjxdemo/hcs2
ed271eac23e9: Mounted from hcsjxdemo/hcs2
156ff16f37e4: Mounted from hcsjxdemo/hcs2
91342c923ff4: Pushed
0.0.1: digest: sha256:5583b66186e5178083d890010f00d771b692c3d6704e000b123fd80c3930ca65 size: 1786
Build complete in 1.020225366s
Starting test...
Test complete in 7.696µs
changeme -> 10.15.252.186:5000/hcsjxdemo/hcs3:0.0.1@sha256:5583b66186e5178083d890010f00d771b692c3d6704e000b123fd80c3930ca65
There is a new version (0.25.0) of Skaffold available. Download it at https://storage.googleapis.com/skaffold/releases/latest/skaffold-linux-amd64

[Pipeline] sh
+ cat VERSION
+ jx step post build --image 10.15.252.186:5000/hcsjxdemo/hcs3:0.0.1
[Pipeline] }
[Pipeline] // stage
[Pipeline] stage
[Pipeline] { (Promote to Environments)
[Pipeline] dir
Running in /tmp/jenkinsTests.tmp/jenkins8321484711448517478test/workspace/job/charts/hcs3
[Pipeline] {
[Pipeline] sh
+ cat ../../VERSION
+ jx step changelog --batch-mode --version v0.0.1
Converted /tmp/jenkinsTests.tmp/jenkins8321484711448517478test/workspace/job/charts/hcs3 to an unshallow repository
Generating change log from git ref 64298f7da4ada087bb88a6096d8bde26490f1b1a => 3b0d617bc70ca6840ec3f1d7c617961f929cb2fb
Failed to enrich commits with issues: User.jenkins.io "" is invalid: metadata.name: Required value: name or generateName is required
Failed to enrich commits with issues: User.jenkins.io "" is invalid: metadata.name: Required value: name or generateName is required
Finding issues in commit messages using git format
No release found for hcsjxdemo/hcs3 and tag v0.0.1 so creating a new release
Updated the release information at https://github.com/hcsjxdemo/hcs3/releases/tag/v0.0.1
generated: /tmp/jenkinsTests.tmp/jenkins8321484711448517478test/workspace/job/charts/hcs3/templates/release.yaml
Created Release hcs3-0-0-1 resource in namespace jx
Updating PipelineActivity hcsjxdemo-hcs3-master-1 with version 0.0.1
Updated PipelineActivities hcsjxdemo-hcs3-master-1 with release notes URL: https://github.com/hcsjxdemo/hcs3/releases/tag/v0.0.1
[Pipeline] sh
+ jx step helm release
No $CHART_REPOSITORY defined so using the default value of: http://jenkins-x-chartmuseum:8080
Adding missing Helm repo: releases http://jenkins-x-chartmuseum:8080
Successfully added Helm repository releases.
Adding missing Helm repo: jenkins-x http://chartmuseum.jenkins-x.io
Successfully added Helm repository jenkins-x.
No $CHART_REPOSITORY defined so using the default value of: http://jenkins-x-chartmuseum:8080
Uploading chart file hcs3-0.0.1.tgz to http://jenkins-x-chartmuseum:8080/api/charts
Received 201 response: {"saved":true}
[Pipeline] sh
+ cat ../../VERSION
+ jx promote -b --all-auto --timeout 1h --version 0.0.1
prow based install so skip waiting for the merge of Pull Requests to go green as currently there is an issue with gettingstatuses from the PR, see https://github.com/jenkins-x/jx/issues/2410
Promoting app hcs3 version 0.0.1 to namespace jx-staging
Created Pull Request: https://github.com/hcsjxdemo/environment-jenkins-x-hcs-staging/pull/4

Pull Request https://github.com/hcsjxdemo/environment-jenkins-x-hcs-staging/pull/4 is merged at sha 52aea5496cbaf627cfb4473b781e8dfd9cd94884
Pull Request merged but we are not waiting for the update pipeline to complete!
Could not find the service URL in namespace jx-staging for names hcs3, jx-hcs3, jx-staging-hcs3
[Pipeline] }
[Pipeline] // dir
[Pipeline] }
[Pipeline] // stage
[Pipeline] }
[Pipeline] // withEnv
[Pipeline] }
[Pipeline] // withCredentials
[Pipeline] }
[Pipeline] // node
[Pipeline] End of Pipeline
