Step: build-step-credential-initializer:

{"level":"warn","ts":1553019121.0990574,"logger":"fallback-logger","caller":"logging/config.go:65","msg":"Fetch GitHub commit ID from kodata failed: \"ref: refs/heads/test\" is not a valid GitHub commit ID"}
{"level":"info","ts":1553019121.1000204,"logger":"fallback-logger","caller":"creds-init/main.go:40","msg":"Credentials initialized."}
Step: build-step-git-source-0:

{"level":"warn","ts":1553019123.251796,"logger":"fallback-logger","caller":"logging/config.go:65","msg":"Fetch GitHub commit ID from kodata failed: \"ref: refs/heads/test\" is not a valid GitHub commit ID"}
{"level":"info","ts":1553019125.9906163,"logger":"fallback-logger","caller":"git-init/main.go:92","msg":"Successfully cloned \"https://github.com/hcsjxdemo/hcs3.git\" @ \"596de4e357022fb24f704321ef04f5668eb22207\" in path \"/workspace\""}
Step: build-step-jenkins:

Picked up _JAVA_OPTIONS: -Xmx400m
  15.291 [id=23]	WARNING	c.c.j.p.k.KubernetesCredentialProvider#convertSecret: Failed to convert Secret 'kaniko-secret' of type secretText due to secretText credential is missing the text
Started
Running in Durability level: PERFORMANCE_OPTIMIZED
  19.650 [id=33]	WARNING	i.f.k.c.i.VersionUsageUtils#alert: The client is using resource type 'customresourcedefinitions' with unstable version 'v1beta1'
[Pipeline] Start of Pipeline
[Pipeline] node
Running on Jenkins in /tmp/jenkinsTests.tmp/jenkins5301858685639023106test/workspace/job
[Pipeline] {
[Pipeline] stage
[Pipeline] { (Declarative: Checkout SCM)
[Pipeline] checkout
[Pipeline] }
[Pipeline] // stage
[Pipeline] withCredentials
[Pipeline] {
[Pipeline] withEnv
[Pipeline] {
[Pipeline] stage
[Pipeline] { (CI Build and push snapshot)
Stage "CI Build and push snapshot" skipped due to when conditional
[Pipeline] }
[Pipeline] // stage
[Pipeline] stage
[Pipeline] { (Build Release)
[Pipeline] git
 > git rev-parse --is-inside-work-tree # timeout=10
Fetching changes from the remote Git repository
 > git config remote.origin.url https://github.com/hcsjxdemo/hcs3.git # timeout=10
Fetching upstream changes from https://github.com/hcsjxdemo/hcs3.git
 > git --version # timeout=10
 > git fetch --tags --progress https://github.com/hcsjxdemo/hcs3.git +refs/heads/*:refs/remotes/origin/*
 > git rev-parse refs/remotes/origin/master^{commit} # timeout=10
 > git rev-parse refs/remotes/origin/origin/master^{commit} # timeout=10
Checking out Revision 596de4e357022fb24f704321ef04f5668eb22207 (refs/remotes/origin/master)
 > git config core.sparsecheckout # timeout=10
 > git checkout -f 596de4e357022fb24f704321ef04f5668eb22207
 > git branch -a -v --no-abbrev # timeout=10
 > git branch -D master # timeout=10
 > git checkout -b master 596de4e357022fb24f704321ef04f5668eb22207
Commit message: "Update index.html"
First time build. Skipping changelog.
[Pipeline] sh
+ jx-release-version
+ echo 0.0.2
[Pipeline] sh
+ cat VERSION
+ jx step tag --version 0.0.2
Tag v0.0.2 created and pushed to remote origin
[Pipeline] sh
+ npm install
npm notice created a lockfile as package-lock.json. You should commit this file.
npm WARN REPLACE_ME@1.0.0 No repository field.
npm WARN REPLACE_ME@1.0.0 No license field.

up to date in 0.065s
[Pipeline] sh
+ CI=true DISPLAY=:99 npm test

> REPLACE_ME@1.0.0 test /tmp/jenkinsTests.tmp/jenkins5301858685639023106test/workspace/job
> echo "no test specified" && exit 0

no test specified
[Pipeline] sh
+ cat VERSION
+ export VERSION=0.0.2
+ skaffold build -f skaffold.yaml
time="2019-03-19T18:14:12Z" level=warning msg="config version (skaffold/v1beta2) out of date: upgrading to latest (skaffold/v1beta6)"
Generating Tag for [changeme]...
Starting build...
Building [changeme]...
Sending build context to Docker daemon  122.4kB
Step 1/6 : FROM node:9-slim
9-slim: Pulling from library/node
5bba3ecb4cd6: Pulling fs layer
196b8e3c919d: Pulling fs layer
7d083412657b: Pulling fs layer
a88538b9cd05: Pulling fs layer
e01bd28a434b: Pulling fs layer
a88538b9cd05: Waiting
e01bd28a434b: Waiting
7d083412657b: Verifying Checksum
7d083412657b: Download complete
196b8e3c919d: Verifying Checksum
196b8e3c919d: Download complete
5bba3ecb4cd6: Verifying Checksum
5bba3ecb4cd6: Download complete
e01bd28a434b: Verifying Checksum
e01bd28a434b: Download complete
a88538b9cd05: Verifying Checksum
a88538b9cd05: Download complete
5bba3ecb4cd6: Pull complete
196b8e3c919d: Pull complete
7d083412657b: Pull complete
a88538b9cd05: Pull complete
e01bd28a434b: Pull complete
Digest: sha256:288b29c1925d65b2d7d8701f8ada201e7dcd066438c0fb4299c35dff129b893f
Status: Downloaded newer image for node:9-slim
 ---> e20bb4abe4ee
Step 2/6 : ENV PORT 8080
 ---> Running in 698c236fdc7d
 ---> aa6b2df1a79d
Step 3/6 : EXPOSE 8080
 ---> Running in e319a770c10c
 ---> 8d4489d4020d
Step 4/6 : WORKDIR /usr/src/app
 ---> 787eec636a9e
Step 5/6 : COPY . .
 ---> 1bf23f03433e
Step 6/6 : CMD npm start
 ---> Running in adf4198cc637
 ---> c63b8d84fa51
Successfully built c63b8d84fa51
The push refers to a repository [10.15.252.186:5000/hcsjxdemo/hcs3]
6f005f6e903d: Preparing
b882b72c08a0: Preparing
e16c226cf2a8: Preparing
7fd597d009e4: Preparing
7c6ab5fb7059: Preparing
ed271eac23e9: Preparing
156ff16f37e4: Preparing
ed271eac23e9: Waiting
156ff16f37e4: Waiting
7fd597d009e4: Layer already exists
b882b72c08a0: Pushed
156ff16f37e4: Layer already exists
6f005f6e903d: Pushed
ed271eac23e9: Pushed
7c6ab5fb7059: Pushed
e16c226cf2a8: Pushed
0.0.2: digest: sha256:1a99430f676744eed759d10ac7bb5374aff5baa158c28ac25813b01b2431a099 size: 1786
Build complete in 12.73906611s
Starting test...
Test complete in 6.857µs
changeme -> 10.15.252.186:5000/hcsjxdemo/hcs3:0.0.2@sha256:1a99430f676744eed759d10ac7bb5374aff5baa158c28ac25813b01b2431a099
There is a new version (0.25.0) of Skaffold available. Download it at https://storage.googleapis.com/skaffold/releases/latest/skaffold-linux-amd64

[Pipeline] sh
+ cat VERSION
+ jx step post build --image 10.15.252.186:5000/hcsjxdemo/hcs3:0.0.2
[Pipeline] }
[Pipeline] // stage
[Pipeline] stage
[Pipeline] { (Promote to Environments)
[Pipeline] dir
Running in /tmp/jenkinsTests.tmp/jenkins5301858685639023106test/workspace/job/charts/hcs3
[Pipeline] {
[Pipeline] sh
+ cat ../../VERSION
+ jx step changelog --batch-mode --version v0.0.2
Converted /tmp/jenkinsTests.tmp/jenkins5301858685639023106test/workspace/job/charts/hcs3 to an unshallow repository
Generating change log from git ref 596de4e357022fb24f704321ef04f5668eb22207 => 0680103fc615ad0a47380ead6f827d8337a6e3e1
Failed to enrich commits with issues: User.jenkins.io "" is invalid: metadata.name: Required value: name or generateName is required
Failed to enrich commits with issues: User.jenkins.io "" is invalid: metadata.name: Required value: name or generateName is required
Finding issues in commit messages using git format
No release found for hcsjxdemo/hcs3 and tag v0.0.2 so creating a new release
Updated the release information at https://github.com/hcsjxdemo/hcs3/releases/tag/v0.0.2
generated: /tmp/jenkinsTests.tmp/jenkins5301858685639023106test/workspace/job/charts/hcs3/templates/release.yaml
Created Release hcs3-0-0-2 resource in namespace jx
Updating PipelineActivity hcsjxdemo-hcs3-master-2 with version 0.0.2
Updated PipelineActivities hcsjxdemo-hcs3-master-2 with release notes URL: https://github.com/hcsjxdemo/hcs3/releases/tag/v0.0.2
[Pipeline] sh
+ jx step helm release
No $CHART_REPOSITORY defined so using the default value of: http://jenkins-x-chartmuseum:8080
Adding missing Helm repo: jenkins-x http://chartmuseum.jenkins-x.io
Successfully added Helm repository jenkins-x.
Adding missing Helm repo: releases http://jenkins-x-chartmuseum:8080
Successfully added Helm repository releases.
No $CHART_REPOSITORY defined so using the default value of: http://jenkins-x-chartmuseum:8080
Uploading chart file hcs3-0.0.2.tgz to http://jenkins-x-chartmuseum:8080/api/charts
Received 201 response: {"saved":true}
[Pipeline] sh
+ cat ../../VERSION
+ jx promote -b --all-auto --timeout 1h --version 0.0.2
prow based install so skip waiting for the merge of Pull Requests to go green as currently there is an issue with gettingstatuses from the PR, see https://github.com/jenkins-x/jx/issues/2410
Promoting app hcs3 version 0.0.2 to namespace jx-staging
Created Pull Request: https://github.com/hcsjxdemo/environment-jenkins-x-hcs-staging/pull/5

Pull Request https://github.com/hcsjxdemo/environment-jenkins-x-hcs-staging/pull/5 is merged at sha 4201431dcb4a632fcbebe3edd827b12e8add8bc1
Pull Request merged but we are not waiting for the update pipeline to complete!
[Pipeline] }
[Pipeline] // dir
[Pipeline] }
[Pipeline] // stage
[Pipeline] }
[Pipeline] // withEnv
[Pipeline] }
[Pipeline] // withCredentials
[Pipeline] }
[Pipeline] // node
[Pipeline] End of Pipeline
Finished: SUCCESS
